practicas/p0/modandroid/build/intermediates/manifest_merge_blame_file/debug/manifest-merger-blame-debug-report.txt
1<?xml version="1.0" encoding="utf-8"?>
2<manifest xmlns:android="http://schemas.android.com/apk/res/android"
3    package="com.example.modandroid"
4    android:versionCode="1"
5    android:versionName="1.0" >
6
7    <uses-sdk
8        android:minSdkVersion="23"
8-->src\main\AndroidManifest.xml
9        android:targetSdkVersion="32" />
9-->src\main\AndroidManifest.xml
10
11    <application
11-->src\main\AndroidManifest.xml:5:5-28:19
12        android:allowBackup="true"
12-->src\main\AndroidManifest.xml:6:9-35
13        android:appComponentFactory="androidx.core.app.CoreComponentFactory"
13-->[androidx.core:core:1.8.0] AndroidManifest.xml:24:18-86
14        android:debuggable="true"
15        android:extractNativeLibs="false"
16        android:icon="@mipmap/ic_launcher"
16-->src\main\AndroidManifest.xml:7:9-43
17        android:label="@string/app_name"
17-->src\main\AndroidManifest.xml:8:9-41
18        android:roundIcon="@mipmap/ic_launcher_round"
18-->src\main\AndroidManifest.xml:9:9-54
19        android:supportsRtl="true"
19-->src\main\AndroidManifest.xml:10:9-35
20        android:testOnly="true"
21        android:theme="@style/Theme.P0_jorgebello" >
21-->src\main\AndroidManifest.xml:11:9-51
22        <activity
22-->src\main\AndroidManifest.xml:12:9-18:20
23            android:name="com.example.modandroid.DisplayMessageActivity"
23-->src\main\AndroidManifest.xml:12:19-57
24            android:parentActivityName="com.example.modandroid.MainActivity" >
24-->src\main\AndroidManifest.xml:13:13-55
25
26            <!-- The meta-data tag is required if you support API level 15 and lower -->
27            <meta-data
27-->src\main\AndroidManifest.xml:15:13-17:49
28                android:name="android.support.PARENT_ACTIVITY"
28-->src\main\AndroidManifest.xml:16:17-63
29                android:value=".MainActivity" />
29-->src\main\AndroidManifest.xml:17:17-46
30        </activity>
31        <activity
31-->src\main\AndroidManifest.xml:19:9-27:20
32            android:name="com.example.modandroid.MainActivity"
32-->src\main\AndroidManifest.xml:20:13-41
33            android:exported="true" >
33-->src\main\AndroidManifest.xml:21:13-36
34            <intent-filter>
34-->src\main\AndroidManifest.xml:22:13-26:29
35                <action android:name="android.intent.action.MAIN" />
35-->src\main\AndroidManifest.xml:23:17-69
35-->src\main\AndroidManifest.xml:23:25-66
36
37                <category android:name="android.intent.category.LAUNCHER" />
37-->src\main\AndroidManifest.xml:25:17-77
37-->src\main\AndroidManifest.xml:25:27-74
38            </intent-filter>
39        </activity>
40
41        <provider
41-->[androidx.emoji2:emoji2:1.2.0] AndroidManifest.xml:24:9-32:20
42            android:name="androidx.startup.InitializationProvider"
42-->[androidx.emoji2:emoji2:1.2.0] AndroidManifest.xml:25:13-67
43            android:authorities="com.example.modandroid.androidx-startup"
43-->[androidx.emoji2:emoji2:1.2.0] AndroidManifest.xml:26:13-68
44            android:exported="false" >
44-->[androidx.emoji2:emoji2:1.2.0] AndroidManifest.xml:27:13-37
45            <meta-data
45-->[androidx.emoji2:emoji2:1.2.0] AndroidManifest.xml:29:13-31:52
46                android:name="androidx.emoji2.text.EmojiCompatInitializer"
46-->[androidx.emoji2:emoji2:1.2.0] AndroidManifest.xml:30:17-75
47                android:value="androidx.startup" />
47-->[androidx.emoji2:emoji2:1.2.0] AndroidManifest.xml:31:17-49
48            <meta-data
48-->[androidx.lifecycle:lifecycle-process:2.4.1] AndroidManifest.xml:31:13-33:52
49                android:name="androidx.lifecycle.ProcessLifecycleInitializer"
49-->[androidx.lifecycle:lifecycle-process:2.4.1] AndroidManifest.xml:32:17-78
50                android:value="androidx.startup" />
50-->[androidx.lifecycle:lifecycle-process:2.4.1] AndroidManifest.xml:33:17-49
51        </provider>
52    </application>
53
54</manifest>